<?xml version='1.0'?>
<ns2:test-suite xmlns:ns2='urn:model.allure.qatools.yandex.ru' start='1601287532005' stop='1601287720158'>
    <name>Dispute Submission Debit Card</name>
    <title>Dispute Submission Debit Card</title>
    <test-cases>
        <test-case start='1601287561745' status='failed' stop='1601287696935'>
            <name>Debit Card - Manual Transactions - Send to Customer</name>
            <title>Debit Card - Manual Transactions - Send to Customer</title>
            <labels/>
            <parameters/>
            <steps/>
            <attachments/>
            <failure>
                <message>Error: Timeout - Async callback was not invoked within timeout specified by jasmine.DEFAULT_TIMEOUT_INTERVAL.</message>
                <stack-trace>Error: Timeout - Async callback was not invoked within timeout specified by jasmine.DEFAULT_TIMEOUT_INTERVAL.
                    at Timeout._onTimeout (C:\Users\noumaabd\AppData\Roaming\npm\node_modules\protractor\node_modules\jasmine-core\lib\jasmine-core\jasmine.js:4281:23)
                    at listOnTimeout (internal/timers.js:549:17)
                    at processTimers (internal/timers.js:492:7)</stack-trace>
            </failure>
        </test-case>
        <test-case start='1601287696935' status='failed' stop='1601287720157'>
            <name>Debit Card - Select Transactions - Send to Customer</name>
            <title>Debit Card - Select Transactions - Send to Customer</title>
            <labels/>
            <parameters/>
            <steps/>
            <attachments/>
            <failure>
                <message>Failed: DisputeSubmission.ClickSelectTransactionButton is not a function</message>
                <stack-trace>TypeError: DisputeSubmission.ClickSelectTransactionButton is not a function
                    at UserContext.&lt;anonymous> (D:\Finboa\FinboaProject\Tests\Login.js:71:23)
                    at C:\Users\noumaabd\AppData\Roaming\npm\node_modules\protractor\node_modules\jasminewd2\index.js:108:15
                    at new ManagedPromise (C:\Users\noumaabd\AppData\Roaming\npm\node_modules\protractor\node_modules\selenium-webdriver\lib\promise.js:1077:7)
                    at ControlFlow.promise (C:\Users\noumaabd\AppData\Roaming\npm\node_modules\protractor\node_modules\selenium-webdriver\lib\promise.js:2505:12)
                    at schedulerExecute (C:\Users\noumaabd\AppData\Roaming\npm\node_modules\protractor\node_modules\jasminewd2\index.js:95:18)
                    at TaskQueue.execute_ (C:\Users\noumaabd\AppData\Roaming\npm\node_modules\protractor\node_modules\selenium-webdriver\lib\promise.js:3084:14)
                    at TaskQueue.executeNext_ (C:\Users\noumaabd\AppData\Roaming\npm\node_modules\protractor\node_modules\selenium-webdriver\lib\promise.js:3067:27)
                    at C:\Users\noumaabd\AppData\Roaming\npm\node_modules\protractor\node_modules\selenium-webdriver\lib\promise.js:2927:27
                    at C:\Users\noumaabd\AppData\Roaming\npm\node_modules\protractor\node_modules\selenium-webdriver\lib\promise.js:668:7
                    at processTicksAndRejections (internal/process/task_queues.js:97:5)
                From: Task: Run it("Debit Card - Select Transactions - Send to Customer") in control flow
                    at UserContext.&lt;anonymous> (C:\Users\noumaabd\AppData\Roaming\npm\node_modules\protractor\node_modules\jasminewd2\index.js:94:19)
                    at attempt (C:\Users\noumaabd\AppData\Roaming\npm\node_modules\protractor\node_modules\jasmine-core\lib\jasmine-core\jasmine.js:4297:26)
                    at QueueRunner.run (C:\Users\noumaabd\AppData\Roaming\npm\node_modules\protractor\node_modules\jasmine-core\lib\jasmine-core\jasmine.js:4217:20)
                    at QueueRunner.execute (C:\Users\noumaabd\AppData\Roaming\npm\node_modules\protractor\node_modules\jasmine-core\lib\jasmine-core\jasmine.js:4199:10)
                    at Spec.queueRunnerFactory (C:\Users\noumaabd\AppData\Roaming\npm\node_modules\protractor\node_modules\jasmine-core\lib\jasmine-core\jasmine.js:909:35)
                    at Spec.execute (C:\Users\noumaabd\AppData\Roaming\npm\node_modules\protractor\node_modules\jasmine-core\lib\jasmine-core\jasmine.js:526:10)
                    at UserContext.fn (C:\Users\noumaabd\AppData\Roaming\npm\node_modules\protractor\node_modules\jasmine-core\lib\jasmine-core\jasmine.js:5340:37)
                    at attempt (C:\Users\noumaabd\AppData\Roaming\npm\node_modules\protractor\node_modules\jasmine-core\lib\jasmine-core\jasmine.js:4297:26)
                    at QueueRunner.run (C:\Users\noumaabd\AppData\Roaming\npm\node_modules\protractor\node_modules\jasmine-core\lib\jasmine-core\jasmine.js:4217:20)
                    at runNext (C:\Users\noumaabd\AppData\Roaming\npm\node_modules\protractor\node_modules\jasmine-core\lib\jasmine-core\jasmine.js:4257:20)
                From asynchronous test: 
                Error
                    at Suite.&lt;anonymous> (D:\Finboa\FinboaProject\Tests\Login.js:58:1)
                    at addSpecsToSuite (C:\Users\noumaabd\AppData\Roaming\npm\node_modules\protractor\node_modules\jasmine-core\lib\jasmine-core\jasmine.js:1107:25)
                    at Env.describe (C:\Users\noumaabd\AppData\Roaming\npm\node_modules\protractor\node_modules\jasmine-core\lib\jasmine-core\jasmine.js:1074:7)
                    at describe (C:\Users\noumaabd\AppData\Roaming\npm\node_modules\protractor\node_modules\jasmine-core\lib\jasmine-core\jasmine.js:4399:18)
                    at Object.&lt;anonymous> (D:\Finboa\FinboaProject\Tests\Login.js:7:1)
                    at Module._compile (internal/modules/cjs/loader.js:1137:30)
                    at Object.Module._extensions..js (internal/modules/cjs/loader.js:1157:10)
                    at Module.load (internal/modules/cjs/loader.js:985:32)
                    at Function.Module._load (internal/modules/cjs/loader.js:878:14)</stack-trace>
            </failure>
        </test-case>
    </test-cases>
</ns2:test-suite>